{"/home/node/app/src/category/domain/entities/Category.ts": {"path":"/home/node/app/src/category/domain/entities/Category.ts","statementMap":{"0":{"start":{"line":8,"column":13},"end":{"line":8,"column":21}},"1":{"start":{"line":9,"column":7},"end":{"line":9,"column":16}},"2":{"start":{"line":11,"column":14},"end":{"line":11,"column":24}},"3":{"start":{"line":13,"column":13},"end":{"line":13,"column":20}},"4":{"start":{"line":15,"column":12},"end":{"line":15,"column":22}},"5":{"start":{"line":25,"column":10},"end":{"line":25,"column":22}},"6":{"start":{"line":29,"column":4},"end":{"line":29,"column":22}},"7":{"start":{"line":33,"column":10},"end":{"line":33,"column":36}},"8":{"start":{"line":37,"column":4},"end":{"line":37,"column":29}},"9":{"start":{"line":41,"column":4},"end":{"line":41,"column":28}},"10":{"start":{"line":45,"column":4},"end":{"line":45,"column":27}},"11":{"start":{"line":9,"column":2},"end":{"line":9,"column":null}},"12":{"start":{"line":11,"column":2},"end":{"line":11,"column":null}},"13":{"start":{"line":13,"column":2},"end":{"line":13,"column":null}},"14":{"start":{"line":15,"column":2},"end":{"line":15,"column":null}},"15":{"start":{"line":18,"column":4},"end":{"line":18,"column":27}},"16":{"start":{"line":19,"column":4},"end":{"line":19,"column":49}},"17":{"start":{"line":20,"column":10},"end":{"line":20,"column":54}},"18":{"start":{"line":21,"column":10},"end":{"line":21,"column":46}}},"fnMap":{"0":{"name":"(anonymous_0)","decl":{"start":{"line":8,"column":13},"end":{"line":8,"column":21}},"loc":{"start":{"line":8,"column":13},"end":{"line":8,"column":21}}},"1":{"name":"(anonymous_8)","decl":{"start":{"line":24,"column":14},"end":{"line":24,"column":18}},"loc":{"start":{"line":24,"column":33},"end":{"line":26,"column":null}}},"2":{"name":"(anonymous_9)","decl":{"start":{"line":28,"column":6},"end":{"line":28,"column":10}},"loc":{"start":{"line":28,"column":21},"end":{"line":30,"column":null}}},"3":{"name":"(anonymous_10)","decl":{"start":{"line":32,"column":14},"end":{"line":32,"column":25}},"loc":{"start":{"line":32,"column":47},"end":{"line":34,"column":null}}},"4":{"name":"(anonymous_11)","decl":{"start":{"line":36,"column":6},"end":{"line":36,"column":17}},"loc":{"start":{"line":36,"column":28},"end":{"line":38,"column":null}}},"5":{"name":"(anonymous_12)","decl":{"start":{"line":40,"column":6},"end":{"line":40,"column":16}},"loc":{"start":{"line":40,"column":25},"end":{"line":42,"column":null}}},"6":{"name":"(anonymous_13)","decl":{"start":{"line":44,"column":6},"end":{"line":44,"column":15}},"loc":{"start":{"line":44,"column":27},"end":{"line":46,"column":null}}},"7":{"name":"(anonymous_14)","decl":{"start":{"line":17,"column":2},"end":{"line":17,"column":14}},"loc":{"start":{"line":17,"column":37},"end":{"line":22,"column":null}}}},"branchMap":{"0":{"loc":{"start":{"line":19,"column":23},"end":{"line":19,"column":48}},"type":"binary-expr","locations":[{"start":{"line":19,"column":23},"end":{"line":19,"column":40}},{"start":{"line":19,"column":44},"end":{"line":19,"column":48}}]},"1":{"loc":{"start":{"line":20,"column":23},"end":{"line":20,"column":53}},"type":"binary-expr","locations":[{"start":{"line":20,"column":23},"end":{"line":20,"column":39}},{"start":{"line":20,"column":43},"end":{"line":20,"column":53}}]},"2":{"loc":{"start":{"line":21,"column":22},"end":{"line":21,"column":45}},"type":"binary-expr","locations":[{"start":{"line":21,"column":22},"end":{"line":21,"column":37}},{"start":{"line":21,"column":41},"end":{"line":21,"column":45}}]}},"s":{"0":2,"1":1,"2":1,"3":1,"4":1,"5":2,"6":2,"7":2,"8":2,"9":1,"10":2,"11":2,"12":2,"13":2,"14":2,"15":2,"16":2,"17":2,"18":2},"f":{"0":2,"1":2,"2":2,"3":2,"4":2,"5":1,"6":2,"7":2},"b":{"0":[2,1],"1":[2,1],"2":[2,1]}}
}
