TN:
SF:src/category/domain/entities/Category.ts
FN:8,(anonymous_0)
FN:24,(anonymous_8)
FN:28,(anonymous_9)
FN:32,(anonymous_10)
FN:36,(anonymous_11)
FN:40,(anonymous_12)
FN:44,(anonymous_13)
FN:17,(anonymous_14)
FNF:8
FNH:8
FNDA:2,(anonymous_0)
FNDA:2,(anonymous_8)
FNDA:2,(anonymous_9)
FNDA:2,(anonymous_10)
FNDA:2,(anonymous_11)
FNDA:1,(anonymous_12)
FNDA:2,(anonymous_13)
FNDA:2,(anonymous_14)
DA:8,2
DA:9,2
DA:11,2
DA:13,2
DA:15,2
DA:18,2
DA:19,2
DA:20,2
DA:21,2
DA:25,2
DA:29,2
DA:33,2
DA:37,2
DA:41,1
DA:45,2
LF:15
LH:15
BRDA:19,0,0,2
BRDA:19,0,1,1
BRDA:20,1,0,2
BRDA:20,1,1,1
BRDA:21,2,0,2
BRDA:21,2,1,1
BRF:6
BRH:6
end_of_record
